  myAssembler.cpp
d:\googledrivevt\courses\9.comporgandarchitecture\project1\myassembler\myassembler.cpp(115): warning C4018: '<': signed/unsigned mismatch
d:\googledrivevt\courses\9.comporgandarchitecture\project1\myassembler\myassembler.cpp(138): warning C4244: '+=': conversion from 'double' to 'int', possible loss of data
d:\googledrivevt\courses\9.comporgandarchitecture\project1\myassembler\myassembler.cpp(171): warning C4244: 'initializing': conversion from 'double' to 'int', possible loss of data
d:\googledrivevt\courses\9.comporgandarchitecture\project1\myassembler\myassembler.cpp(176): warning C4244: '=': conversion from 'double' to 'int', possible loss of data
d:\googledrivevt\courses\9.comporgandarchitecture\project1\myassembler\myassembler.cpp(190): warning C4244: 'initializing': conversion from 'double' to 'int', possible loss of data
d:\googledrivevt\courses\9.comporgandarchitecture\project1\myassembler\myassembler.cpp(196): warning C4244: '=': conversion from 'double' to 'int', possible loss of data
d:\googledrivevt\courses\9.comporgandarchitecture\project1\myassembler\myassembler.cpp(201): warning C4018: '<': signed/unsigned mismatch
d:\googledrivevt\courses\9.comporgandarchitecture\project1\myassembler\myassembler.cpp(225): warning C4244: 'return': conversion from 'double' to 'int', possible loss of data
d:\googledrivevt\courses\9.comporgandarchitecture\project1\myassembler\myassembler.cpp(230): warning C4244: 'return': conversion from 'double' to 'int', possible loss of data
d:\googledrivevt\courses\9.comporgandarchitecture\project1\myassembler\myassembler.cpp(232): warning C4244: 'return': conversion from 'double' to 'int', possible loss of data
d:\googledrivevt\courses\9.comporgandarchitecture\project1\myassembler\myassembler.cpp(237): warning C4244: 'return': conversion from 'double' to 'int', possible loss of data
d:\googledrivevt\courses\9.comporgandarchitecture\project1\myassembler\myassembler.cpp(239): warning C4244: 'return': conversion from 'double' to 'int', possible loss of data
d:\googledrivevt\courses\9.comporgandarchitecture\project1\myassembler\myassembler.cpp(244): warning C4244: 'return': conversion from 'double' to 'int', possible loss of data
d:\googledrivevt\courses\9.comporgandarchitecture\project1\myassembler\myassembler.cpp(246): warning C4244: 'return': conversion from 'double' to 'int', possible loss of data
d:\googledrivevt\courses\9.comporgandarchitecture\project1\myassembler\myassembler.cpp(251): warning C4244: 'return': conversion from 'double' to 'int', possible loss of data
d:\googledrivevt\courses\9.comporgandarchitecture\project1\myassembler\myassembler.cpp(256): warning C4244: 'return': conversion from 'double' to 'int', possible loss of data
d:\googledrivevt\courses\9.comporgandarchitecture\project1\myassembler\myassembler.cpp(261): warning C4244: 'return': conversion from 'double' to 'int', possible loss of data
d:\googledrivevt\courses\9.comporgandarchitecture\project1\myassembler\myassembler.cpp(266): warning C4244: 'return': conversion from 'double' to 'int', possible loss of data
d:\googledrivevt\courses\9.comporgandarchitecture\project1\myassembler\myassembler.cpp(322): warning C4244: 'initializing': conversion from 'double' to 'int', possible loss of data
d:\googledrivevt\courses\9.comporgandarchitecture\project1\myassembler\myassembler.cpp(349): warning C4244: '=': conversion from 'double' to 'int', possible loss of data
d:\googledrivevt\courses\9.comporgandarchitecture\project1\myassembler\myassembler.cpp(352): warning C4244: '=': conversion from 'double' to 'int', possible loss of data
d:\googledrivevt\courses\9.comporgandarchitecture\project1\myassembler\myassembler.cpp(368): warning C4018: '<': signed/unsigned mismatch
d:\googledrivevt\courses\9.comporgandarchitecture\project1\myassembler\myassembler.cpp(377): warning C4018: '<': signed/unsigned mismatch
d:\googledrivevt\courses\9.comporgandarchitecture\project1\myassembler\myassembler.cpp(450): warning C4018: '<': signed/unsigned mismatch
d:\googledrivevt\courses\9.comporgandarchitecture\project1\myassembler\myassembler.cpp(499): warning C4018: '<': signed/unsigned mismatch
d:\googledrivevt\courses\9.comporgandarchitecture\project1\myassembler\myassembler.cpp(544): warning C4018: '<': signed/unsigned mismatch
d:\googledrivevt\courses\9.comporgandarchitecture\project1\myassembler\myassembler.cpp(600): warning C4018: '<': signed/unsigned mismatch
d:\googledrivevt\courses\9.comporgandarchitecture\project1\myassembler\myassembler.cpp(272): warning C4715: 'registerToBinaryFn': not all control paths return a value
  myAssembler.vcxproj -> D:\GoogleDriveVT\Courses\9.CompOrgAndArchitecture\Project1\myAssembler\Debug\myAssembler.exe
  myAssembler.vcxproj -> D:\GoogleDriveVT\Courses\9.CompOrgAndArchitecture\Project1\myAssembler\Debug\myAssembler.pdb (Partial PDB)
